<?xml version="1.0" encoding="UTF-8"?>
<!-- Generated by org.testng.reporters.JUnitXMLReporter -->
<testsuite hostname="LAPTOP-AIRHTGOV" ignored="4" name="xyz-bank-homework-week-2" tests="1" failures="1" timestamp="2023-07-17T13:20:07 BST" time="12.878" errors="0">
  <testcase name="bankManagerShouldOpenAccountSuccessfully" time="1.567" classname="com.bank.testsuite.BankTest">
    <failure type="java.lang.ClassCastException" message="com.sun.proxy.$Proxy16 cannot be cast to org.openqa.selenium.By">
      <![CDATA[java.lang.ClassCastException: com.sun.proxy.$Proxy16 cannot be cast to org.openqa.selenium.By
at com.bank.pages.OpenAccountPage.setSearchFirstTest(OpenAccountPage.java:32)
at com.bank.testsuite.BankTest.bankManagerShouldOpenAccountSuccessfully(BankTest.java:65)
at java.util.ArrayList.forEach(ArrayList.java:1249)
at com.intellij.rt.testng.IDEARemoteTestNG.run(IDEARemoteTestNG.java:66)
at com.intellij.rt.testng.RemoteTestNGStarter.main(RemoteTestNGStarter.java:105)
... Removed 24 stack frames]]>
    </failure>
  </testcase> <!-- bankManagerShouldOpenAccountSuccessfully -->
  <testcase name="customerShouldWithdrawMoneySuccessfully" time="0.0" classname="com.bank.testsuite.BankTest">
    <ignored/>
  </testcase> <!-- customerShouldWithdrawMoneySuccessfully -->
  <testcase name="customerShouldLoginAndLogoutSuceessfully" time="0.0" classname="com.bank.testsuite.BankTest">
    <ignored/>
  </testcase> <!-- customerShouldLoginAndLogoutSuceessfully -->
  <testcase name="customerShouldDepositMoneySuccessfully" time="0.0" classname="com.bank.testsuite.BankTest">
    <ignored/>
  </testcase> <!-- customerShouldDepositMoneySuccessfully -->
  <testcase name="bankManagerShouldAddCustomerSuccessfully" time="0.0" classname="com.bank.testsuite.BankTest">
    <ignored/>
  </testcase> <!-- bankManagerShouldAddCustomerSuccessfully -->
</testsuite> <!-- xyz-bank-homework-week-2 -->
